16:40:50:469 [08160] | INFO  | Initializing crosire's ReShade version '4.9.1.1002' (32-bit) built on '2021-01-09 21:10:30' loaded from "C:\Games\Origin Games\SPORE Galactic Adventures\SporebinEP1\d3d9.dll" into "C:\Games\Origin Games\SPORE Galactic Adventures\SporebinEP1\SporeApp_ModAPIFix.exe" ...
16:40:50:519 [08160] | INFO  | Registering hooks for "user32.dll" ...
16:40:50:520 [08160] | INFO  | > Libraries loaded.
16:40:50:520 [08160] | INFO  | > Found 14 match(es). Installing ...
16:40:50:574 [08160] | INFO  | Registering hooks for "ws2_32.dll" ...
16:40:50:574 [08160] | INFO  | > Libraries loaded.
16:40:50:574 [08160] | INFO  | > Found 8 match(es). Installing ...
16:40:50:627 [08160] | INFO  | Registering hooks for "C:\WINDOWS\system32\d2d1.dll" ...
16:40:50:628 [08160] | INFO  | > Delayed.
16:40:50:628 [08160] | INFO  | Registering hooks for "C:\WINDOWS\system32\d3d9.dll" ...
16:40:50:628 [08160] | INFO  | > Delayed until first call to an exported function.
16:40:50:629 [08160] | INFO  | Registering hooks for "C:\WINDOWS\system32\d3d10.dll" ...
16:40:50:629 [08160] | INFO  | > Delayed.
16:40:50:629 [08160] | INFO  | Registering hooks for "C:\WINDOWS\system32\d3d10_1.dll" ...
16:40:50:629 [08160] | INFO  | > Delayed.
16:40:50:629 [08160] | INFO  | Registering hooks for "C:\WINDOWS\system32\d3d11.dll" ...
16:40:50:630 [08160] | INFO  | > Delayed.
16:40:50:630 [08160] | INFO  | Registering hooks for "C:\WINDOWS\system32\d3d12.dll" ...
16:40:50:630 [08160] | INFO  | > Delayed.
16:40:50:630 [08160] | INFO  | Registering hooks for "C:\WINDOWS\system32\dxgi.dll" ...
16:40:50:630 [08160] | INFO  | > Delayed.
16:40:50:630 [08160] | INFO  | Registering hooks for "C:\WINDOWS\system32\opengl32.dll" ...
16:40:50:631 [08160] | INFO  | > Delayed.
16:40:50:631 [08160] | INFO  | Initialized.
16:40:52:236 [29880] | INFO  | Redirecting RegisterClassExW(lpWndClassEx = 01F3EC38 { Canvas }) ...
16:40:52:239 [29880] | INFO  | > Adding 'CS_OWNDC' window class style flag to 'Canvas'.
16:40:52:298 [29880] | INFO  | Redirecting Direct3DCreate9(SDKVersion = 32) ...
16:40:52:300 [29880] | INFO  | Installing delayed hooks for "C:\WINDOWS\system32\d3d11.dll" (Just loaded via LoadLibrary("C:\WINDOWS\system32\d3d9.dll")) ...
16:40:52:300 [29880] | INFO  | > Found 2 match(es). Installing ...
16:40:52:348 [29880] | INFO  | Installing delayed hooks for "C:\WINDOWS\system32\dxgi.dll" (Just loaded via LoadLibrary("C:\WINDOWS\system32\d3d9.dll")) ...
16:40:52:348 [29880] | INFO  | > Found 5 match(es). Installing ...
16:40:52:396 [29880] | INFO  | Installing export hooks for "C:\WINDOWS\system32\d3d9.dll" ...
16:40:52:397 [29880] | INFO  | > Found 9 match(es). Installing ...
16:40:52:443 [29880] | INFO  | Redirecting IDirect3D9::CreateDevice(this = 022AA9C0, Adapter = 0, DeviceType = 1, hFocusWindow = 002C1348, BehaviorFlags = 0x80, pPresentationParameters = 01568B9C, ppReturnedDeviceInterface = 015689D0) ...
16:40:52:444 [29880] | INFO  | > Dumping presentation parameters:
16:40:52:444 [29880] | INFO  |   +-----------------------------------------+-----------------------------------------+
16:40:52:444 [29880] | INFO  |   | Parameter                               | Value                                   |
16:40:52:444 [29880] | INFO  |   +-----------------------------------------+-----------------------------------------+
16:40:52:444 [29880] | INFO  |   | BackBufferWidth                         | 640                                     |
16:40:52:444 [29880] | INFO  |   | BackBufferHeight                        | 480                                     |
16:40:52:444 [29880] | INFO  |   | BackBufferFormat                        | D3DFMT_A8R8G8B8                         |
16:40:52:445 [29880] | INFO  |   | BackBufferCount                         | 1                                       |
16:40:52:445 [29880] | INFO  |   | MultiSampleType                         | 0                                       |
16:40:52:445 [29880] | INFO  |   | MultiSampleQuality                      | 0                                       |
16:40:52:445 [29880] | INFO  |   | SwapEffect                              | 3                                       |
16:40:52:445 [29880] | INFO  |   | DeviceWindow                            | 002C1348                                |
16:40:52:445 [29880] | INFO  |   | Windowed                                | TRUE                                    |
16:40:52:445 [29880] | INFO  |   | EnableAutoDepthStencil                  | TRUE                                    |
16:40:52:445 [29880] | INFO  |   | AutoDepthStencilFormat                  | 75                                      |
16:40:52:445 [29880] | INFO  |   | Flags                                   | 0                                       |
16:40:52:446 [29880] | INFO  |   | FullScreen_RefreshRateInHz              | 0                                       |
16:40:52:446 [29880] | INFO  |   | PresentationInterval                    | 0x80000000                              |
16:40:52:446 [29880] | INFO  |   +-----------------------------------------+-----------------------------------------+
16:40:53:040 [29880] | INFO  | Running on NVIDIA GeForce RTX 2070 with Max-Q Design Driver 460.79
16:40:53:045 [29880] | INFO  | Recreated runtime environment on runtime 0F34CAF8.
16:40:53:210 [29880] | INFO  | Redirecting IDirect3DDevice9::Reset(this = 074DA920, pPresentationParameters = 01568B9C) ...
16:40:53:210 [29880] | INFO  | > Dumping presentation parameters:
16:40:53:210 [29880] | INFO  |   +-----------------------------------------+-----------------------------------------+
16:40:53:210 [29880] | INFO  |   | Parameter                               | Value                                   |
16:40:53:210 [29880] | INFO  |   +-----------------------------------------+-----------------------------------------+
16:40:53:211 [29880] | INFO  |   | BackBufferWidth                         | 1920                                    |
16:40:53:211 [29880] | INFO  |   | BackBufferHeight                        | 1080                                    |
16:40:53:211 [29880] | INFO  |   | BackBufferFormat                        | D3DFMT_A8R8G8B8                         |
16:40:53:211 [29880] | INFO  |   | BackBufferCount                         | 1                                       |
16:40:53:211 [29880] | INFO  |   | MultiSampleType                         | 0                                       |
16:40:53:211 [29880] | INFO  |   | MultiSampleQuality                      | 0                                       |
16:40:53:211 [29880] | INFO  |   | SwapEffect                              | 1                                       |
16:40:53:211 [29880] | INFO  |   | DeviceWindow                            | 002C1348                                |
16:40:53:211 [29880] | INFO  |   | Windowed                                | FALSE                                   |
16:40:53:212 [29880] | INFO  |   | EnableAutoDepthStencil                  | TRUE                                    |
16:40:53:212 [29880] | INFO  |   | AutoDepthStencilFormat                  | 75                                      |
16:40:53:212 [29880] | INFO  |   | Flags                                   | 0                                       |
16:40:53:212 [29880] | INFO  |   | FullScreen_RefreshRateInHz              | 144                                     |
16:40:53:212 [29880] | INFO  |   | PresentationInterval                    | 0x80000000                              |
16:40:53:212 [29880] | INFO  |   +-----------------------------------------+-----------------------------------------+
16:40:53:212 [29880] | INFO  | Destroyed runtime environment on runtime 0F34CAF8.
16:40:53:241 [29880] | INFO  | Recreated runtime environment on runtime 0F34CAF8.
16:40:53:249 [30276] | INFO  | Successfully loaded "C:\Games\Origin Games\SPORE Galactic Adventures\SporebinEP1\reshade-shaders\Shaders\Cartoon.fx".
16:40:53:251 [26828] | INFO  | Successfully loaded "C:\Games\Origin Games\SPORE Galactic Adventures\SporebinEP1\reshade-shaders\Shaders\Colourfulness.fx".
16:40:53:251 [32076] | INFO  | Successfully loaded "C:\Games\Origin Games\SPORE Galactic Adventures\SporebinEP1\reshade-shaders\Shaders\3DFX.fx".
16:40:53:251 [30276] | INFO  | Successfully loaded "C:\Games\Origin Games\SPORE Galactic Adventures\SporebinEP1\reshade-shaders\Shaders\CAS.fx".
16:40:53:252 [32568] | INFO  | Successfully loaded "C:\Games\Origin Games\SPORE Galactic Adventures\SporebinEP1\reshade-shaders\Shaders\FilmGrain.fx".
16:40:53:252 [15444] | INFO  | Successfully loaded "C:\Games\Origin Games\SPORE Galactic Adventures\SporebinEP1\reshade-shaders\Shaders\DisplayDepth.fx".
16:40:53:254 [30276] | INFO  | Successfully loaded "C:\Games\Origin Games\SPORE Galactic Adventures\SporebinEP1\reshade-shaders\Shaders\Chromakey.fx".
16:40:53:254 [32076] | INFO  | Successfully loaded "C:\Games\Origin Games\SPORE Galactic Adventures\SporebinEP1\reshade-shaders\Shaders\AdaptiveFog.fx".
16:40:53:256 [28640] | INFO  | Successfully loaded "C:\Games\Origin Games\SPORE Galactic Adventures\SporebinEP1\reshade-shaders\Shaders\LightDoF.fx".
16:40:53:256 [11012] | INFO  | Successfully loaded "C:\Games\Origin Games\SPORE Galactic Adventures\SporebinEP1\reshade-shaders\Shaders\HighPassSharpen.fx".
16:40:53:256 [32568] | INFO  | Successfully loaded "C:\Games\Origin Games\SPORE Galactic Adventures\SporebinEP1\reshade-shaders\Shaders\FilmGrain2.fx".
16:40:53:257 [26828] | INFO  | Successfully loaded "C:\Games\Origin Games\SPORE Galactic Adventures\SporebinEP1\reshade-shaders\Shaders\CRT.fx".
16:40:53:256 [30276] | INFO  | Successfully loaded "C:\Games\Origin Games\SPORE Galactic Adventures\SporebinEP1\reshade-shaders\Shaders\ChromaticAberration.fx".
16:40:53:258 [20604] | INFO  | Successfully loaded "C:\Games\Origin Games\SPORE Galactic Adventures\SporebinEP1\reshade-shaders\Shaders\TiltShift.fx".
16:40:53:259 [07948] | INFO  | Successfully loaded "C:\Games\Origin Games\SPORE Galactic Adventures\SporebinEP1\reshade-shaders\Shaders\ReflectiveBumpMapping.fx".
16:40:53:259 [28640] | INFO  | Successfully loaded "C:\Games\Origin Games\SPORE Galactic Adventures\SporebinEP1\reshade-shaders\Shaders\LumaSharpen.fx".
16:40:53:260 [11012] | INFO  | Successfully loaded "C:\Games\Origin Games\SPORE Galactic Adventures\SporebinEP1\reshade-shaders\Shaders\HQ4X.fx".
16:40:53:260 [32568] | INFO  | Successfully loaded "C:\Games\Origin Games\SPORE Galactic Adventures\SporebinEP1\reshade-shaders\Shaders\FilmicAnamorphSharpen.fx".
16:40:53:261 [07948] | INFO  | Successfully loaded "C:\Games\Origin Games\SPORE Galactic Adventures\SporebinEP1\reshade-shaders\Shaders\Sepia.fx".
16:40:53:260 [20604] | INFO  | Successfully loaded "C:\Games\Origin Games\SPORE Galactic Adventures\SporebinEP1\reshade-shaders\Shaders\Tonemap.fx".
16:40:53:260 [26828] | INFO  | Successfully loaded "C:\Games\Origin Games\SPORE Galactic Adventures\SporebinEP1\reshade-shaders\Shaders\Curves.fx".
16:40:53:261 [29020] | INFO  | Successfully loaded "C:\Games\Origin Games\SPORE Galactic Adventures\SporebinEP1\reshade-shaders\Shaders\Nostalgia.fx".
16:40:53:262 [28640] | INFO  | Successfully loaded "C:\Games\Origin Games\SPORE Galactic Adventures\SporebinEP1\reshade-shaders\Shaders\LUT.fx".
16:40:53:264 [11012] | INFO  | Successfully loaded "C:\Games\Origin Games\SPORE Galactic Adventures\SporebinEP1\reshade-shaders\Shaders\HSLShift.fx".
16:40:53:264 [16012] | INFO  | Successfully loaded "C:\Games\Origin Games\SPORE Galactic Adventures\SporebinEP1\reshade-shaders\Shaders\qUINT\qUINT_bloom.fx".
16:40:53:264 [20604] | INFO  | Successfully loaded "C:\Games\Origin Games\SPORE Galactic Adventures\SporebinEP1\reshade-shaders\Shaders\TriDither.fx".
16:40:53:264 [32076] | INFO  | Successfully loaded "C:\Games\Origin Games\SPORE Galactic Adventures\SporebinEP1\reshade-shaders\Shaders\AdaptiveSharpen.fx".
16:40:53:264 [26828] | INFO  | Successfully loaded "C:\Games\Origin Games\SPORE Galactic Adventures\SporebinEP1\reshade-shaders\Shaders\Daltonize.fx".
16:40:53:265 [32568] | INFO  | Successfully loaded "C:\Games\Origin Games\SPORE Galactic Adventures\SporebinEP1\reshade-shaders\Shaders\FilmicPass.fx".
16:40:53:266 [29020] | INFO  | Successfully loaded "C:\Games\Origin Games\SPORE Galactic Adventures\SporebinEP1\reshade-shaders\Shaders\PerfectPerspective.fx".
16:40:53:266 [11012] | INFO  | Successfully loaded "C:\Games\Origin Games\SPORE Galactic Adventures\SporebinEP1\reshade-shaders\Shaders\Layer.fx".
16:40:53:268 [28640] | INFO  | Successfully loaded "C:\Games\Origin Games\SPORE Galactic Adventures\SporebinEP1\reshade-shaders\Shaders\MagicBloom.fx".
16:40:53:268 [16012] | INFO  | Successfully loaded "C:\Games\Origin Games\SPORE Galactic Adventures\SporebinEP1\reshade-shaders\Shaders\qUINT\qUINT_deband.fx".
16:40:53:270 [11012] | INFO  | Successfully loaded "C:\Games\Origin Games\SPORE Galactic Adventures\SporebinEP1\reshade-shaders\Shaders\Levels.fx".
16:40:53:270 [26828] | INFO  | Successfully loaded "C:\Games\Origin Games\SPORE Galactic Adventures\SporebinEP1\reshade-shaders\Shaders\Deband.fx".
16:40:53:271 [28640] | INFO  | Successfully loaded "C:\Games\Origin Games\SPORE Galactic Adventures\SporebinEP1\reshade-shaders\Shaders\Monochrome.fx".
16:40:53:271 [15444] | INFO  | Successfully loaded "C:\Games\Origin Games\SPORE Galactic Adventures\SporebinEP1\reshade-shaders\Shaders\DOF.fx".
16:40:53:270 [20604] | INFO  | Successfully loaded "C:\Games\Origin Games\SPORE Galactic Adventures\SporebinEP1\reshade-shaders\Shaders\UIDetect.fx".
16:40:53:272 [29020] | INFO  | Successfully loaded "C:\Games\Origin Games\SPORE Galactic Adventures\SporebinEP1\reshade-shaders\Shaders\PPFX_Bloom.fx".
16:40:53:273 [32568] | INFO  | Successfully loaded "C:\Games\Origin Games\SPORE Galactic Adventures\SporebinEP1\reshade-shaders\Shaders\FineSharp.fx".
16:40:53:274 [28640] | INFO  | Successfully loaded "C:\Games\Origin Games\SPORE Galactic Adventures\SporebinEP1\reshade-shaders\Shaders\MultiLUT.fx".
16:40:53:274 [32076] | INFO  | Successfully loaded "C:\Games\Origin Games\SPORE Galactic Adventures\SporebinEP1\reshade-shaders\Shaders\AmbientLight.fx".
16:40:53:274 [26828] | INFO  | Successfully loaded "C:\Games\Origin Games\SPORE Galactic Adventures\SporebinEP1\reshade-shaders\Shaders\Denoise.fx".
16:40:53:275 [20604] | INFO  | Successfully loaded "C:\Games\Origin Games\SPORE Galactic Adventures\SporebinEP1\reshade-shaders\Shaders\UIMask.fx".
16:40:53:275 [11012] | INFO  | Successfully loaded "C:\Games\Origin Games\SPORE Galactic Adventures\SporebinEP1\reshade-shaders\Shaders\LevelsPlus.fx".
16:40:53:275 [29020] | INFO  | Successfully loaded "C:\Games\Origin Games\SPORE Galactic Adventures\SporebinEP1\reshade-shaders\Shaders\PPFX_Godrays.fx".
16:40:53:275 [30276] | INFO  | Successfully loaded "C:\Games\Origin Games\SPORE Galactic Adventures\SporebinEP1\reshade-shaders\Shaders\CinematicDOF.fx".
16:40:53:277 [20604] | INFO  | Successfully loaded "C:\Games\Origin Games\SPORE Galactic Adventures\SporebinEP1\reshade-shaders\Shaders\Vibrance.fx".
16:40:53:278 [07948] | INFO  | Successfully loaded "C:\Games\Origin Games\SPORE Galactic Adventures\SporebinEP1\reshade-shaders\Shaders\SMAA.fx".
16:40:53:278 [16012] | INFO  | Successfully loaded "C:\Games\Origin Games\SPORE Galactic Adventures\SporebinEP1\reshade-shaders\Shaders\qUINT\qUINT_dof.fx".
16:40:53:279 [32076] | INFO  | Successfully loaded "C:\Games\Origin Games\SPORE Galactic Adventures\SporebinEP1\reshade-shaders\Shaders\ASCII.fx".
16:40:53:280 [11012] | INFO  | Successfully loaded "C:\Games\Origin Games\SPORE Galactic Adventures\SporebinEP1\reshade-shaders\Shaders\LiftGammaGain.fx".
16:40:53:280 [20604] | INFO  | Successfully loaded "C:\Games\Origin Games\SPORE Galactic Adventures\SporebinEP1\reshade-shaders\Shaders\Vignette.fx".
16:40:53:281 [32568] | INFO  | Successfully loaded "C:\Games\Origin Games\SPORE Galactic Adventures\SporebinEP1\reshade-shaders\Shaders\FXAA.fx".
16:40:53:281 [29020] | INFO  | Successfully loaded "C:\Games\Origin Games\SPORE Galactic Adventures\SporebinEP1\reshade-shaders\Shaders\PPFX_SSDO.fx".
16:40:53:282 [32076] | INFO  | Successfully loaded "C:\Games\Origin Games\SPORE Galactic Adventures\SporebinEP1\reshade-shaders\Shaders\AspectRatio.fx".
16:40:53:282 [07948] | INFO  | Successfully loaded "C:\Games\Origin Games\SPORE Galactic Adventures\SporebinEP1\reshade-shaders\Shaders\Splitscreen.fx".
16:40:53:284 [15444] | INFO  | Successfully loaded "C:\Games\Origin Games\SPORE Galactic Adventures\SporebinEP1\reshade-shaders\Shaders\DPX.fx".
16:40:53:284 [29020] | INFO  | Successfully loaded "C:\Games\Origin Games\SPORE Galactic Adventures\SporebinEP1\reshade-shaders\Shaders\Prism.fx".
16:40:53:284 [07948] | INFO  | Successfully loaded "C:\Games\Origin Games\SPORE Galactic Adventures\SporebinEP1\reshade-shaders\Shaders\StageDepth.fx".
16:40:53:285 [28640] | INFO  | Successfully loaded "C:\Games\Origin Games\SPORE Galactic Adventures\SporebinEP1\reshade-shaders\Shaders\MXAO.fx".
16:40:53:286 [30276] | INFO  | Successfully loaded "C:\Games\Origin Games\SPORE Galactic Adventures\SporebinEP1\reshade-shaders\Shaders\Clarity.fx".
16:40:53:287 [32568] | INFO  | Successfully loaded "C:\Games\Origin Games\SPORE Galactic Adventures\SporebinEP1\reshade-shaders\Shaders\GaussianBlur.fx".
16:40:53:287 [15444] | INFO  | Successfully loaded "C:\Games\Origin Games\SPORE Galactic Adventures\SporebinEP1\reshade-shaders\Shaders\Emphasize.fx".
16:40:53:287 [28640] | INFO  | Successfully loaded "C:\Games\Origin Games\SPORE Galactic Adventures\SporebinEP1\reshade-shaders\Shaders\NightVision.fx".
16:40:53:288 [30276] | INFO  | Successfully loaded "C:\Games\Origin Games\SPORE Galactic Adventures\SporebinEP1\reshade-shaders\Shaders\ColorMatrix.fx".
16:40:53:289 [26828] | INFO  | Successfully loaded "C:\Games\Origin Games\SPORE Galactic Adventures\SporebinEP1\reshade-shaders\Shaders\Depth3D.fx".
16:40:53:290 [16012] | INFO  | Successfully loaded "C:\Games\Origin Games\SPORE Galactic Adventures\SporebinEP1\reshade-shaders\Shaders\qUINT\qUINT_lightroom.fx".
16:40:53:290 [15444] | INFO  | Successfully loaded "C:\Games\Origin Games\SPORE Galactic Adventures\SporebinEP1\reshade-shaders\Shaders\EyeAdaption.fx".
16:40:53:291 [07948] | INFO  | Successfully loaded "C:\Games\Origin Games\SPORE Galactic Adventures\SporebinEP1\reshade-shaders\Shaders\SurfaceBlur.fx".
16:40:53:292 [32568] | INFO  | Successfully loaded "C:\Games\Origin Games\SPORE Galactic Adventures\SporebinEP1\reshade-shaders\Shaders\Glitch.fx".
16:40:53:292 [32076] | INFO  | Successfully loaded "C:\Games\Origin Games\SPORE Galactic Adventures\SporebinEP1\reshade-shaders\Shaders\Bloom.fx".
16:40:53:292 [26828] | INFO  | Successfully loaded "C:\Games\Origin Games\SPORE Galactic Adventures\SporebinEP1\reshade-shaders\Shaders\DepthHaze.fx".
16:40:53:293 [15444] | INFO  | Successfully loaded "C:\Games\Origin Games\SPORE Galactic Adventures\SporebinEP1\reshade-shaders\Shaders\FakeHDR.fx".
16:40:53:294 [07948] | INFO  | Successfully loaded "C:\Games\Origin Games\SPORE Galactic Adventures\SporebinEP1\reshade-shaders\Shaders\Technicolor.fx".
16:40:53:294 [32076] | INFO  | Successfully loaded "C:\Games\Origin Games\SPORE Galactic Adventures\SporebinEP1\reshade-shaders\Shaders\Border.fx".
16:40:53:296 [07948] | INFO  | Successfully loaded "C:\Games\Origin Games\SPORE Galactic Adventures\SporebinEP1\reshade-shaders\Shaders\Technicolor2.fx".
16:40:53:296 [15444] | INFO  | Successfully loaded "C:\Games\Origin Games\SPORE Galactic Adventures\SporebinEP1\reshade-shaders\Shaders\FakeMotionBlur.fx".
16:40:53:297 [29020] | INFO  | Successfully loaded "C:\Games\Origin Games\SPORE Galactic Adventures\SporebinEP1\reshade-shaders\Shaders\qUINT_rtgi.fx".
16:40:53:299 [16012] | INFO  | Successfully loaded "C:\Games\Origin Games\SPORE Galactic Adventures\SporebinEP1\reshade-shaders\Shaders\qUINT\qUINT_mxao.fx".
16:40:53:303 [16012] | INFO  | Successfully loaded "C:\Games\Origin Games\SPORE Galactic Adventures\SporebinEP1\reshade-shaders\Shaders\qUINT\qUINT_sharp.fx".
16:40:53:309 [16012] | INFO  | Successfully loaded "C:\Games\Origin Games\SPORE Galactic Adventures\SporebinEP1\reshade-shaders\Shaders\qUINT\qUINT_ssr.fx".
16:40:57:000 [29880] | INFO  | Redirecting RegisterClassA(lpWndClass = 01F3EC54 { EAClipboardClass }) ...
16:40:57:002 [29880] | INFO  | > Adding 'CS_OWNDC' window class style flag to 'EAClipboardClass'.
16:41:01:423 [29880] | INFO  | Loading image files for textures ...
16:41:01:597 [29880] | INFO  | Resizing image data for texture 'V__lensDBTex' from 1024x576 to 1920x1080 ...
16:41:01:689 [29880] | INFO  | Resizing image data for texture 'V__lensDB2Tex' from 1024x576 to 1920x1080 ...
16:41:27:380 [29880] | INFO  | Destroyed runtime environment on runtime 0F34CAF8.
16:41:27:384 [29880] | WARN  | Reference count for IDirect3DDevice9 object 074DA920 is inconsistent.
